<?xml version="1.0" encoding="UTF-8"?>
<testsuite name="Cucumber" time="4.834" tests="4" skipped="0" failures="1" errors="0">
<testcase classname="Feature to test the login functionality" name="Check signin button exists on Home page" time="3.079">
<system-out><![CDATA[
Given User launch the browser...............................................passed
When User open the Zero banking application.................................passed
Then Signin button should be displayed......................................passed
]]></system-out>
</testcase>
<testcase classname="Feature to test the login functionality" name="Login successful with valid credentials - Example #1.1" time="1.189">
<system-out><![CDATA[
Given User launch the browser...............................................passed
And User open the Zero banking application..................................passed
And click signin button on home page........................................passed
When User enter 'username' and 'password'...................................passed
And click Signin button.....................................................passed
Then User should be redirected to the Users home page.......................passed
]]></system-out>
</testcase>
<testcase classname="Feature to test the login functionality" name="Login successful with valid credentials - Example #1.2" time="0.121">
<failure type="org.openqa.selenium.NoSuchElementException" message="no such element: Unable to locate element: {&quot;method&quot;:&quot;css selector&quot;,&quot;selector&quot;:&quot;#signin_button&quot;}
  (Session info: chrome=116.0.5845.188)
For documentation on this error, please visit: https://www.selenium.dev/documentation/webdriver/troubleshooting/errors#no-such-element-exception
Build info: version: '4.12.1', revision: '8e34639b11'
System info: os.name: 'Windows 10', os.arch: 'amd64', os.version: '10.0', java.version: '17.0.7'
Driver info: org.openqa.selenium.chrome.ChromeDriver
Command: [e184c48befffcbff3d250c0392eac4ec, findElement {using=id, value=signin_button}]
Capabilities {acceptInsecureCerts: false, browserName: chrome, browserVersion: 116.0.5845.188, chrome: {chromedriverVersion: 116.0.5845.96 (1a3918166880..., userDataDir: C:\Users\Kris\AppData\Local...}, fedcm:accounts: true, goog:chromeOptions: {debuggerAddress: localhost:52813}, networkConnectionEnabled: false, pageLoadStrategy: normal, platformName: windows, proxy: Proxy(), se:cdp: ws://localhost:52813/devtoo..., se:cdpVersion: 116.0.5845.188, setWindowRect: true, strictFileInteractability: false, timeouts: {implicit: 0, pageLoad: 300000, script: 30000}, unhandledPromptBehavior: dismiss and notify, webauthn:extension:credBlob: true, webauthn:extension:largeBlob: true, webauthn:extension:minPinLength: true, webauthn:extension:prf: true, webauthn:virtualAuthenticators: true}
Session ID: e184c48befffcbff3d250c0392eac4ec">
<![CDATA[org.openqa.selenium.NoSuchElementException: no such element: Unable to locate element: {"method":"css selector","selector":"#signin_button"}
  (Session info: chrome=116.0.5845.188)
For documentation on this error, please visit: https://www.selenium.dev/documentation/webdriver/troubleshooting/errors#no-such-element-exception
Build info: version: '4.12.1', revision: '8e34639b11'
System info: os.name: 'Windows 10', os.arch: 'amd64', os.version: '10.0', java.version: '17.0.7'
Driver info: org.openqa.selenium.chrome.ChromeDriver
Command: [e184c48befffcbff3d250c0392eac4ec, findElement {using=id, value=signin_button}]
Capabilities {acceptInsecureCerts: false, browserName: chrome, browserVersion: 116.0.5845.188, chrome: {chromedriverVersion: 116.0.5845.96 (1a3918166880..., userDataDir: C:\Users\Kris\AppData\Local...}, fedcm:accounts: true, goog:chromeOptions: {debuggerAddress: localhost:52813}, networkConnectionEnabled: false, pageLoadStrategy: normal, platformName: windows, proxy: Proxy(), se:cdp: ws://localhost:52813/devtoo..., se:cdpVersion: 116.0.5845.188, setWindowRect: true, strictFileInteractability: false, timeouts: {implicit: 0, pageLoad: 300000, script: 30000}, unhandledPromptBehavior: dismiss and notify, webauthn:extension:credBlob: true, webauthn:extension:largeBlob: true, webauthn:extension:minPinLength: true, webauthn:extension:prf: true, webauthn:virtualAuthenticators: true}
Session ID: e184c48befffcbff3d250c0392eac4ec
	at java.base/jdk.internal.reflect.NativeConstructorAccessorImpl.newInstance0(Native Method)
	at java.base/jdk.internal.reflect.NativeConstructorAccessorImpl.newInstance(NativeConstructorAccessorImpl.java:77)
	at java.base/jdk.internal.reflect.DelegatingConstructorAccessorImpl.newInstance(DelegatingConstructorAccessorImpl.java:45)
	at java.base/java.lang.reflect.Constructor.newInstanceWithCaller(Constructor.java:499)
	at java.base/java.lang.reflect.Constructor.newInstance(Constructor.java:480)
	at org.openqa.selenium.remote.codec.w3c.W3CHttpResponseCodec.createException(W3CHttpResponseCodec.java:200)
	at org.openqa.selenium.remote.codec.w3c.W3CHttpResponseCodec.decode(W3CHttpResponseCodec.java:133)
	at org.openqa.selenium.remote.codec.w3c.W3CHttpResponseCodec.decode(W3CHttpResponseCodec.java:52)
	at org.openqa.selenium.remote.HttpCommandExecutor.execute(HttpCommandExecutor.java:191)
	at org.openqa.selenium.remote.service.DriverCommandExecutor.invokeExecute(DriverCommandExecutor.java:196)
	at org.openqa.selenium.remote.service.DriverCommandExecutor.execute(DriverCommandExecutor.java:171)
	at org.openqa.selenium.remote.RemoteWebDriver.execute(RemoteWebDriver.java:602)
	at org.openqa.selenium.remote.ElementLocation$ElementFinder$2.findElement(ElementLocation.java:165)
	at org.openqa.selenium.remote.ElementLocation.findElement(ElementLocation.java:59)
	at org.openqa.selenium.remote.RemoteWebDriver.findElement(RemoteWebDriver.java:359)
	at org.openqa.selenium.remote.RemoteWebDriver.findElement(RemoteWebDriver.java:353)
	at com.fdmgroup.pages.HomePage.signInButton(HomePage.java:10)
	at com.fdmgroup.testScripts.LoginStepDefTest.click_signin_button_on_home_page(LoginStepDefTest.java:41)
	at âœ½.click signin button on home page(file:///C:/Users/Kris/eclipse-workspace/BestBuySeleniumCucumber/src/test/resources/Features/f1_Login.feature:11)
]]>
</failure>
<system-out><![CDATA[
Given User launch the browser...............................................passed
And User open the Zero banking application..................................passed
And click signin button on home page........................................failed
When User enter 'username1' and 'password1'.................................skipped
And click Signin button.....................................................skipped
Then User should be redirected to the Users home page.......................skipped
]]></system-out>
</testcase>
<testcase classname="feature to test the logout functionality" name="Logged in user should be able to logout" time="0.258">
<system-out><![CDATA[
Given User click the username dropdown......................................passed
When User click the LogOut button...........................................passed
Then User should be redirected to the home page of the zero banking application.passed
]]></system-out>
</testcase>
</testsuite>
